<?xml version="1.0" encoding="UTF-8"?>
<!-- Generated by org.testng.reporters.JUnitReportReporter -->
<testsuite hostname="DESKTOP-5BJBO97" failures="0" tests="1" name="testcase.Loginfuntionality" time="17.620" errors="0" timestamp="2023-12-31T12:15:35 IST" skipped="0">
  <testcase classname="testcase.Loginfuntionality" name="runLogin" time="17.620"/>
  <system-out/>
</testsuite> <!-- testcase.Loginfuntionality -->
