<?xml version="1.0" encoding="UTF-8"?>
<!-- Generated by org.testng.reporters.JUnitReportReporter -->
<testsuite hostname="DESKTOP-5BJBO97" failures="0" tests="1" name="testcase.CreateLeadFunctionality" time="16.462" errors="0" timestamp="2023-12-31T12:16:09 IST" skipped="0">
  <testcase classname="testcase.CreateLeadFunctionality" name="runLogin" time="16.462"/>
  <system-out/>
</testsuite> <!-- testcase.CreateLeadFunctionality -->
